[2025-04-24T11:05:17.930Z] [31MERROR[39M: uncaughtException: тип Unable to compile TypeScript:
[96msrc/infra/database/database.config.ts[0m:[93m7[0m:[93m22[0m - [91merror[0m[90m TS7031: [0mBinding element 'args' implicitly has an 'any' type.

[7m7[0m       async create({ args, query }) {
[7m [0m [91m                     ~~~~[0m
[96msrc/infra/database/database.config.ts[0m:[93m7[0m:[93m28[0m - [91merror[0m[90m TS7031: [0mBinding element 'query' implicitly has an 'any' type.

[7m7[0m       async create({ args, query }) {
[7m [0m [91m                           ~~~~~[0m
[96msrc/infra/database/database.config.ts[0m:[93m16[0m:[93m22[0m - [91merror[0m[90m TS7031: [0mBinding element 'args' implicitly has an 'any' type.

[7m16[0m       async update({ args, query }) {
[7m  [0m [91m                     ~~~~[0m
[96msrc/infra/database/database.config.ts[0m:[93m16[0m:[93m28[0m - [91merror[0m[90m TS7031: [0mBinding element 'query' implicitly has an 'any' type.

[7m16[0m       async update({ args, query }) {
[7m  [0m [91m                           ~~~~~[0m

TSError: тип Unable to compile TypeScript:
[96msrc/infra/database/database.config.ts[0m:[93m7[0m:[93m22[0m - [91merror[0m[90m TS7031: [0mBinding element 'args' implicitly has an 'any' type.

[7m7[0m       async create({ args, query }) {
[7m [0m [91m                     ~~~~[0m
[96msrc/infra/database/database.config.ts[0m:[93m7[0m:[93m28[0m - [91merror[0m[90m TS7031: [0mBinding element 'query' implicitly has an 'any' type.

[7m7[0m       async create({ args, query }) {
[7m [0m [91m                           ~~~~~[0m
[96msrc/infra/database/database.config.ts[0m:[93m16[0m:[93m22[0m - [91merror[0m[90m TS7031: [0mBinding element 'args' implicitly has an 'any' type.

[7m16[0m       async update({ args, query }) {
[7m  [0m [91m                     ~~~~[0m
[96msrc/infra/database/database.config.ts[0m:[93m16[0m:[93m28[0m - [91merror[0m[90m TS7031: [0mBinding element 'query' implicitly has an 'any' type.

[7m16[0m       async update({ args, query }) {
[7m  [0m [91m                           ~~~~~[0m

    at createTSError (/home/abdelrahman-aboalkhair/Projects/WEB/code/multi-vendor-ecommerce/server/node_modules/ts-node/src/index.ts:859:12)
    at reportTSError (/home/abdelrahman-aboalkhair/Projects/WEB/code/multi-vendor-ecommerce/server/node_modules/ts-node/src/index.ts:863:19)
    at getOutput (/home/abdelrahman-aboalkhair/Projects/WEB/code/multi-vendor-ecommerce/server/node_modules/ts-node/src/index.ts:1077:36)
    at Object.compile (/home/abdelrahman-aboalkhair/Projects/WEB/code/multi-vendor-ecommerce/server/node_modules/ts-node/src/index.ts:1433:41)
    at Module.m._compile (/home/abdelrahman-aboalkhair/Projects/WEB/code/multi-vendor-ecommerce/server/node_modules/ts-node/src/index.ts:1617:30)
    at loadTS (node:internal/modules/cjs/loader:1815:10)
    at Object.require.extensions.<computed> [as .ts] (/home/abdelrahman-aboalkhair/Projects/WEB/code/multi-vendor-ecommerce/server/node_modules/ts-node/src/index.ts:1621:12)
    at Module.load (node:internal/modules/cjs/loader:1458:32)
    at Function._load (node:internal/modules/cjs/loader:1275:12)
    at TracingChannel.traceSync (node:diagnostics_channel:322:14)
[2025-04-24T11:05:49.688Z] [31MERROR[39M: uncaughtException: @prisma/client did not initialize yet. Please run "prisma generate" and try to import it again.
Error: @prisma/client did not initialize yet. Please run "prisma generate" and try to import it again.
    at new PrismaClient (/home/abdelrahman-aboalkhair/Projects/WEB/code/multi-vendor-ecommerce/server/node_modules/.prisma/client/default.js:43:11)
    at Object.<anonymous> (/home/abdelrahman-aboalkhair/Projects/WEB/code/multi-vendor-ecommerce/server/src/infra/database/database.config.ts:4:16)
    at Module._compile (node:internal/modules/cjs/loader:1723:14)
    at Module.m._compile (/home/abdelrahman-aboalkhair/Projects/WEB/code/multi-vendor-ecommerce/server/node_modules/ts-node/src/index.ts:1618:23)
    at loadTS (node:internal/modules/cjs/loader:1815:10)
    at Object.require.extensions.<computed> [as .ts] (/home/abdelrahman-aboalkhair/Projects/WEB/code/multi-vendor-ecommerce/server/node_modules/ts-node/src/index.ts:1621:12)
    at Module.load (node:internal/modules/cjs/loader:1458:32)
    at Function._load (node:internal/modules/cjs/loader:1275:12)
    at TracingChannel.traceSync (node:diagnostics_channel:322:14)
    at wrapModuleLoad (node:internal/modules/cjs/loader:234:24)
[2025-04-27T15:32:47.753Z] [31MERROR[39M: uncaughtException: тип Unable to compile TypeScript:
[96msrc/modules/auth/auth.service.ts[0m:[93m297[0m:[93m48[0m - [91merror[0m[90m TS2554: [0mExpected 1 arguments, but got 2.

[7m297[0m     const slug = slugify(vendorData.storeName, { lower: true, strict: true });
[7m   [0m [91m                                               ~~~~~~~~~~~~~~~~~~~~~~~~~~~~~[0m
[96msrc/modules/auth/auth.service.ts[0m:[93m326[0m:[93m7[0m - [91merror[0m[90m TS2353: [0mObject literal may only specify known properties, and 'businessDetails' does not exist in type 'Omit<Vendor, "id" | "createdAt" | "updatedAt">'.

[7m326[0m       businessDetails: vendorData.businessDetails || {},
[7m   [0m [91m      ~~~~~~~~~~~~~~~[0m

TSError: тип Unable to compile TypeScript:
[96msrc/modules/auth/auth.service.ts[0m:[93m297[0m:[93m48[0m - [91merror[0m[90m TS2554: [0mExpected 1 arguments, but got 2.

[7m297[0m     const slug = slugify(vendorData.storeName, { lower: true, strict: true });
[7m   [0m [91m                                               ~~~~~~~~~~~~~~~~~~~~~~~~~~~~~[0m
[96msrc/modules/auth/auth.service.ts[0m:[93m326[0m:[93m7[0m - [91merror[0m[90m TS2353: [0mObject literal may only specify known properties, and 'businessDetails' does not exist in type 'Omit<Vendor, "id" | "createdAt" | "updatedAt">'.

[7m326[0m       businessDetails: vendorData.businessDetails || {},
[7m   [0m [91m      ~~~~~~~~~~~~~~~[0m

    at createTSError (/home/abdelrahman-aboalkhair/Projects/WEB/multi-vendor-ecommerce/server/node_modules/ts-node/src/index.ts:859:12)
    at reportTSError (/home/abdelrahman-aboalkhair/Projects/WEB/multi-vendor-ecommerce/server/node_modules/ts-node/src/index.ts:863:19)
    at getOutput (/home/abdelrahman-aboalkhair/Projects/WEB/multi-vendor-ecommerce/server/node_modules/ts-node/src/index.ts:1077:36)
    at Object.compile (/home/abdelrahman-aboalkhair/Projects/WEB/multi-vendor-ecommerce/server/node_modules/ts-node/src/index.ts:1433:41)
    at Module.m._compile (/home/abdelrahman-aboalkhair/Projects/WEB/multi-vendor-ecommerce/server/node_modules/ts-node/src/index.ts:1617:30)
    at loadTS (node:internal/modules/cjs/loader:1815:10)
    at Object.require.extensions.<computed> [as .ts] (/home/abdelrahman-aboalkhair/Projects/WEB/multi-vendor-ecommerce/server/node_modules/ts-node/src/index.ts:1621:12)
    at Module.load (node:internal/modules/cjs/loader:1458:32)
    at Function._load (node:internal/modules/cjs/loader:1275:12)
    at TracingChannel.traceSync (node:diagnostics_channel:322:14)
[2025-04-27T15:32:57.073Z] [31MERROR[39M: uncaughtException: тип Unable to compile TypeScript:
[96msrc/modules/auth/auth.service.ts[0m:[93m326[0m:[93m7[0m - [91merror[0m[90m TS2353: [0mObject literal may only specify known properties, and 'businessDetails' does not exist in type 'Omit<Vendor, "id" | "createdAt" | "updatedAt">'.

[7m326[0m       businessDetails: vendorData.businessDetails || {},
[7m   [0m [91m      ~~~~~~~~~~~~~~~[0m

TSError: тип Unable to compile TypeScript:
[96msrc/modules/auth/auth.service.ts[0m:[93m326[0m:[93m7[0m - [91merror[0m[90m TS2353: [0mObject literal may only specify known properties, and 'businessDetails' does not exist in type 'Omit<Vendor, "id" | "createdAt" | "updatedAt">'.

[7m326[0m       businessDetails: vendorData.businessDetails || {},
[7m   [0m [91m      ~~~~~~~~~~~~~~~[0m

    at createTSError (/home/abdelrahman-aboalkhair/Projects/WEB/multi-vendor-ecommerce/server/node_modules/ts-node/src/index.ts:859:12)
    at reportTSError (/home/abdelrahman-aboalkhair/Projects/WEB/multi-vendor-ecommerce/server/node_modules/ts-node/src/index.ts:863:19)
    at getOutput (/home/abdelrahman-aboalkhair/Projects/WEB/multi-vendor-ecommerce/server/node_modules/ts-node/src/index.ts:1077:36)
    at Object.compile (/home/abdelrahman-aboalkhair/Projects/WEB/multi-vendor-ecommerce/server/node_modules/ts-node/src/index.ts:1433:41)
    at Module.m._compile (/home/abdelrahman-aboalkhair/Projects/WEB/multi-vendor-ecommerce/server/node_modules/ts-node/src/index.ts:1617:30)
    at loadTS (node:internal/modules/cjs/loader:1815:10)
    at Object.require.extensions.<computed> [as .ts] (/home/abdelrahman-aboalkhair/Projects/WEB/multi-vendor-ecommerce/server/node_modules/ts-node/src/index.ts:1621:12)
    at Module.load (node:internal/modules/cjs/loader:1458:32)
    at Function._load (node:internal/modules/cjs/loader:1275:12)
    at TracingChannel.traceSync (node:diagnostics_channel:322:14)
[2025-04-27T15:33:06.949Z] [31MERROR[39M: uncaughtException: тип Unable to compile TypeScript:
[96msrc/modules/auth/auth.service.ts[0m:[93m326[0m:[93m7[0m - [91merror[0m[90m TS2353: [0mObject literal may only specify known properties, and 'businessDetails' does not exist in type 'Omit<Vendor, "id" | "createdAt" | "updatedAt">'.

[7m326[0m       businessDetails: vendorData.businessDetails || {},
[7m   [0m [91m      ~~~~~~~~~~~~~~~[0m

TSError: тип Unable to compile TypeScript:
[96msrc/modules/auth/auth.service.ts[0m:[93m326[0m:[93m7[0m - [91merror[0m[90m TS2353: [0mObject literal may only specify known properties, and 'businessDetails' does not exist in type 'Omit<Vendor, "id" | "createdAt" | "updatedAt">'.

[7m326[0m       businessDetails: vendorData.businessDetails || {},
[7m   [0m [91m      ~~~~~~~~~~~~~~~[0m

    at createTSError (/home/abdelrahman-aboalkhair/Projects/WEB/multi-vendor-ecommerce/server/node_modules/ts-node/src/index.ts:859:12)
    at reportTSError (/home/abdelrahman-aboalkhair/Projects/WEB/multi-vendor-ecommerce/server/node_modules/ts-node/src/index.ts:863:19)
    at getOutput (/home/abdelrahman-aboalkhair/Projects/WEB/multi-vendor-ecommerce/server/node_modules/ts-node/src/index.ts:1077:36)
    at Object.compile (/home/abdelrahman-aboalkhair/Projects/WEB/multi-vendor-ecommerce/server/node_modules/ts-node/src/index.ts:1433:41)
    at Module.m._compile (/home/abdelrahman-aboalkhair/Projects/WEB/multi-vendor-ecommerce/server/node_modules/ts-node/src/index.ts:1617:30)
    at loadTS (node:internal/modules/cjs/loader:1815:10)
    at Object.require.extensions.<computed> [as .ts] (/home/abdelrahman-aboalkhair/Projects/WEB/multi-vendor-ecommerce/server/node_modules/ts-node/src/index.ts:1621:12)
    at Module.load (node:internal/modules/cjs/loader:1458:32)
    at Function._load (node:internal/modules/cjs/loader:1275:12)
    at TracingChannel.traceSync (node:diagnostics_channel:322:14)
[2025-04-27T15:35:49.180Z] [31MERROR[39M: uncaughtException: тип Unable to compile TypeScript:
[96msrc/modules/auth/auth.service.ts[0m:[93m308[0m:[93m11[0m - [91merror[0m[90m TS7034: [0mVariable 'logoUrls' implicitly has type 'any[]' in some locations where its type cannot be determined.

[7m308[0m     const logoUrls = [];
[7m   [0m [91m          ~~~~~~~~[0m
[96msrc/modules/auth/auth.service.ts[0m:[93m315[0m:[93m13[0m - [91merror[0m[90m TS7005: [0mVariable 'logoUrls' implicitly has an 'any[]' type.

[7m315[0m       logo: logoUrls[0] || null,
[7m   [0m [91m            ~~~~~~~~[0m

TSError: тип Unable to compile TypeScript:
[96msrc/modules/auth/auth.service.ts[0m:[93m308[0m:[93m11[0m - [91merror[0m[90m TS7034: [0mVariable 'logoUrls' implicitly has type 'any[]' in some locations where its type cannot be determined.

[7m308[0m     const logoUrls = [];
[7m   [0m [91m          ~~~~~~~~[0m
[96msrc/modules/auth/auth.service.ts[0m:[93m315[0m:[93m13[0m - [91merror[0m[90m TS7005: [0mVariable 'logoUrls' implicitly has an 'any[]' type.

[7m315[0m       logo: logoUrls[0] || null,
[7m   [0m [91m            ~~~~~~~~[0m

    at createTSError (/home/abdelrahman-aboalkhair/Projects/WEB/multi-vendor-ecommerce/server/node_modules/ts-node/src/index.ts:859:12)
    at reportTSError (/home/abdelrahman-aboalkhair/Projects/WEB/multi-vendor-ecommerce/server/node_modules/ts-node/src/index.ts:863:19)
    at getOutput (/home/abdelrahman-aboalkhair/Projects/WEB/multi-vendor-ecommerce/server/node_modules/ts-node/src/index.ts:1077:36)
    at Object.compile (/home/abdelrahman-aboalkhair/Projects/WEB/multi-vendor-ecommerce/server/node_modules/ts-node/src/index.ts:1433:41)
    at Module.m._compile (/home/abdelrahman-aboalkhair/Projects/WEB/multi-vendor-ecommerce/server/node_modules/ts-node/src/index.ts:1617:30)
    at loadTS (node:internal/modules/cjs/loader:1815:10)
    at Object.require.extensions.<computed> [as .ts] (/home/abdelrahman-aboalkhair/Projects/WEB/multi-vendor-ecommerce/server/node_modules/ts-node/src/index.ts:1621:12)
    at Module.load (node:internal/modules/cjs/loader:1458:32)
    at Function._load (node:internal/modules/cjs/loader:1275:12)
    at TracingChannel.traceSync (node:diagnostics_channel:322:14)
[2025-04-27T15:37:51.829Z] [31MERROR[39M: uncaughtException: тип Unable to compile TypeScript:
[96msrc/modules/auth/auth.service.ts[0m:[93m309[0m:[93m19[0m - [91merror[0m[90m TS2304: [0mCannot find name 'req'.

[7m309[0m     const logos = req.files as Express.Multer.File[];
[7m   [0m [91m                  ~~~[0m

TSError: тип Unable to compile TypeScript:
[96msrc/modules/auth/auth.service.ts[0m:[93m309[0m:[93m19[0m - [91merror[0m[90m TS2304: [0mCannot find name 'req'.

[7m309[0m     const logos = req.files as Express.Multer.File[];
[7m   [0m [91m                  ~~~[0m

    at createTSError (/home/abdelrahman-aboalkhair/Projects/WEB/multi-vendor-ecommerce/server/node_modules/ts-node/src/index.ts:859:12)
    at reportTSError (/home/abdelrahman-aboalkhair/Projects/WEB/multi-vendor-ecommerce/server/node_modules/ts-node/src/index.ts:863:19)
    at getOutput (/home/abdelrahman-aboalkhair/Projects/WEB/multi-vendor-ecommerce/server/node_modules/ts-node/src/index.ts:1077:36)
    at Object.compile (/home/abdelrahman-aboalkhair/Projects/WEB/multi-vendor-ecommerce/server/node_modules/ts-node/src/index.ts:1433:41)
    at Module.m._compile (/home/abdelrahman-aboalkhair/Projects/WEB/multi-vendor-ecommerce/server/node_modules/ts-node/src/index.ts:1617:30)
    at loadTS (node:internal/modules/cjs/loader:1815:10)
    at Object.require.extensions.<computed> [as .ts] (/home/abdelrahman-aboalkhair/Projects/WEB/multi-vendor-ecommerce/server/node_modules/ts-node/src/index.ts:1621:12)
    at Module.load (node:internal/modules/cjs/loader:1458:32)
    at Function._load (node:internal/modules/cjs/loader:1275:12)
    at TracingChannel.traceSync (node:diagnostics_channel:322:14)
